# JRE version: OpenJDK Runtime Environment (15.0.2+7) (build 15.0.2+7-27)
# Java VM: OpenJDK 64-Bit Server VM (15.0.2+7-27, mixed mode, tiered, compressed oops, g1 gc, windows-amd64)
GC Precious Log:
 CPUs: 8 total, 8 available
 Memory: 8106M
 Large Page Support: Disabled
 NUMA Support: Disabled
 Compressed Oops: Enabled (32-bit)
 Heap Region Size: 1M
 Heap Min Capacity: 8M
 Heap Initial Capacity: 128M
 Heap Max Capacity: 2028M
 Pre-touch: Disabled
 Parallel Workers: 8
 Concurrent Workers: 2
 Concurrent Refinement Workers: 8
 Periodic GC: Disabled
Heap:
 garbage-first heap   total 66560K, used 49424K [0x0000000081400000, 0x0000000100000000)
  region size 1024K, 24 young (24576K), 3 survivors (3072K)
 Metaspace       used 68917K, capacity 69503K, committed 69808K, reserved 1110016K
  class space    used 8456K, capacity 8633K, committed 8704K, reserved 1048576K
GC Heap History (20 events):
Event: 4.118 GC heap before
{Heap before GC invocations=13 (full 0):
 garbage-first heap   total 55296K, used 39854K [0x0000000081400000, 0x0000000100000000)
  region size 1024K, 22 young (22528K), 2 survivors (2048K)
 Metaspace       used 39043K, capacity 39462K, committed 39728K, reserved 1085440K
  class space    used 4478K, capacity 4614K, committed 4736K, reserved 1048576K
}
Event: 4.120 GC heap after
{Heap after GC invocations=14 (full 0):
 garbage-first heap   total 55296K, used 20429K [0x0000000081400000, 0x0000000100000000)
  region size 1024K, 2 young (2048K), 2 survivors (2048K)
 Metaspace       used 39043K, capacity 39462K, committed 39728K, reserved 1085440K
  class space    used 4478K, capacity 4614K, committed 4736K, reserved 1048576K
}
Event: 4.252 GC heap before
{Heap before GC invocations=14 (full 0):
 garbage-first heap   total 55296K, used 40909K [0x0000000081400000, 0x0000000100000000)
  region size 1024K, 23 young (23552K), 2 survivors (2048K)
 Metaspace       used 40014K, capacity 40530K, committed 40752K, reserved 1085440K
  class space    used 4566K, capacity 4712K, committed 4736K, reserved 1048576K
}
Event: 4.254 GC heap after
{Heap after GC invocations=15 (full 0):
 garbage-first heap   total 55296K, used 21155K [0x0000000081400000, 0x0000000100000000)
  region size 1024K, 3 young (3072K), 3 survivors (3072K)
 Metaspace       used 40014K, capacity 40530K, committed 40752K, reserved 1085440K
  class space    used 4566K, capacity 4712K, committed 4736K, reserved 1048576K
}
Event: 4.326 GC heap before
{Heap before GC invocations=15 (full 0):
 garbage-first heap   total 55296K, used 41635K [0x0000000081400000, 0x0000000100000000)
  region size 1024K, 24 young (24576K), 3 survivors (3072K)
 Metaspace       used 40384K, capacity 40885K, committed 41136K, reserved 1085440K
  class space    used 4599K, capacity 4745K, committed 4864K, reserved 1048576K
}
Event: 4.328 GC heap after
{Heap after GC invocations=16 (full 0):
 garbage-first heap   total 55296K, used 21245K [0x0000000081400000, 0x0000000100000000)
  region size 1024K, 1 young (1024K), 1 survivors (1024K)
 Metaspace       used 40384K, capacity 40885K, committed 41136K, reserved 1085440K
  class space    used 4599K, capacity 4745K, committed 4864K, reserved 1048576K
}
Event: 5.217 GC heap before
{Heap before GC invocations=16 (full 0):
 garbage-first heap   total 55296K, used 43773K [0x0000000081400000, 0x0000000100000000)
  region size 1024K, 24 young (24576K), 1 survivors (1024K)
 Metaspace       used 46471K, capacity 46880K, committed 47152K, reserved 1091584K
  class space    used 5276K, capacity 5396K, committed 5504K, reserved 1048576K
}
Event: 5.225 GC heap after
{Heap after GC invocations=17 (full 0):
 garbage-first heap   total 55296K, used 23129K [0x0000000081400000, 0x0000000100000000)
  region size 1024K, 3 young (3072K), 3 survivors (3072K)
 Metaspace       used 46471K, capacity 46880K, committed 47152K, reserved 1091584K
  class space    used 5276K, capacity 5396K, committed 5504K, reserved 1048576K
}
Event: 6.543 GC heap before
{Heap before GC invocations=17 (full 0):
 garbage-first heap   total 55296K, used 43609K [0x0000000081400000, 0x0000000100000000)
  region size 1024K, 23 young (23552K), 3 survivors (3072K)
 Metaspace       used 52184K, capacity 52742K, committed 52912K, reserved 1095680K
  class space    used 6195K, capacity 6389K, committed 6400K, reserved 1048576K
}
Event: 6.547 GC heap after
{Heap after GC invocations=18 (full 0):
 garbage-first heap   total 55296K, used 24339K [0x0000000081400000, 0x0000000100000000)
  region size 1024K, 2 young (2048K), 2 survivors (2048K)
 Metaspace       used 52184K, capacity 52742K, committed 52912K, reserved 1095680K
  class space    used 6195K, capacity 6389K, committed 6400K, reserved 1048576K
}
Event: 7.189 GC heap before
{Heap before GC invocations=18 (full 0):
 garbage-first heap   total 55296K, used 43795K [0x0000000081400000, 0x0000000100000000)
  region size 1024K, 21 young (21504K), 2 survivors (2048K)
 Metaspace       used 57198K, capacity 57778K, committed 58032K, reserved 1099776K
  class space    used 6930K, capacity 7127K, committed 7168K, reserved 1048576K
}
Event: 7.194 GC heap after
{Heap after GC invocations=19 (full 0):
 garbage-first heap   total 55296K, used 25217K [0x0000000081400000, 0x0000000100000000)
  region size 1024K, 3 young (3072K), 3 survivors (3072K)
 Metaspace       used 57198K, capacity 57778K, committed 58032K, reserved 1099776K
  class space    used 6930K, capacity 7127K, committed 7168K, reserved 1048576K
}
Event: 7.458 GC heap before
{Heap before GC invocations=19 (full 0):
 garbage-first heap   total 55296K, used 35457K [0x0000000081400000, 0x0000000100000000)
  region size 1024K, 14 young (14336K), 3 survivors (3072K)
 Metaspace       used 59501K, capacity 60072K, committed 60208K, reserved 1101824K
  class space    used 7263K, capacity 7459K, committed 7552K, reserved 1048576K
}
Event: 7.460 GC heap after
{Heap after GC invocations=20 (full 0):
 garbage-first heap   total 55296K, used 25920K [0x0000000081400000, 0x0000000100000000)
  region size 1024K, 2 young (2048K), 2 survivors (2048K)
 Metaspace       used 59501K, capacity 60072K, committed 60208K, reserved 1101824K
  class space    used 7263K, capacity 7459K, committed 7552K, reserved 1048576K
}
Event: 7.969 GC heap before
{Heap before GC invocations=21 (full 0):
 garbage-first heap   total 55296K, used 43328K [0x0000000081400000, 0x0000000100000000)
  region size 1024K, 20 young (20480K), 2 survivors (2048K)
 Metaspace       used 62523K, capacity 63089K, committed 63408K, reserved 1105920K
  class space    used 7644K, capacity 7846K, committed 7936K, reserved 1048576K
}
Event: 7.973 GC heap after
{Heap after GC invocations=22 (full 0):
 garbage-first heap   total 55296K, used 27470K [0x0000000081400000, 0x0000000100000000)
  region size 1024K, 3 young (3072K), 3 survivors (3072K)
 Metaspace       used 62523K, capacity 63089K, committed 63408K, reserved 1105920K
  class space    used 7644K, capacity 7846K, committed 7936K, reserved 1048576K
}
Event: 8.322 GC heap before
{Heap before GC invocations=22 (full 0):
 garbage-first heap   total 55296K, used 43854K [0x0000000081400000, 0x0000000100000000)
  region size 1024K, 19 young (19456K), 3 survivors (3072K)
 Metaspace       used 64832K, capacity 65464K, committed 65712K, reserved 1107968K
  class space    used 7934K, capacity 8145K, committed 8192K, reserved 1048576K
}
Event: 8.327 GC heap after
{Heap after GC invocations=23 (full 0):
 garbage-first heap   total 55296K, used 28874K [0x0000000081400000, 0x0000000100000000)
  region size 1024K, 3 young (3072K), 3 survivors (3072K)
 Metaspace       used 64832K, capacity 65464K, committed 65712K, reserved 1107968K
  class space    used 7934K, capacity 8145K, committed 8192K, reserved 1048576K
}
Event: 8.594 GC heap before
{Heap before GC invocations=24 (full 0):
 garbage-first heap   total 55296K, used 44234K [0x0000000081400000, 0x0000000100000000)
  region size 1024K, 18 young (18432K), 3 survivors (3072K)
 Metaspace       used 66132K, capacity 66791K, committed 66864K, reserved 1107968K
  class space    used 8105K, capacity 8307K, committed 8320K, reserved 1048576K
}
Event: 8.599 GC heap after
{Heap after GC invocations=25 (full 0):
 garbage-first heap   total 66560K, used 29968K [0x0000000081400000, 0x0000000100000000)
  region size 1024K, 3 young (3072K), 3 survivors (3072K)
 Metaspace       used 66132K, capacity 66791K, committed 66864K, reserved 1107968K
  class space    used 8105K, capacity 8307K, committed 8320K, reserved 1048576K
}

